INFO: 1.1 - Каталог: .git | Флаг каталога: True | Родительский каталог: Dive_in_Python
INFO: 1.2 - Каталог: .idea | Флаг каталога: True | Родительский каталог: Dive_in_Python
INFO: 1.3 - Каталог: .pytest_cache | Флаг каталога: True | Родительский каталог: Dive_in_Python
INFO: 1.4 - Каталог: Homework 10 | Флаг каталога: True | Родительский каталог: Dive_in_Python
INFO: 1.5 - Каталог: Homework 11 | Флаг каталога: True | Родительский каталог: Dive_in_Python
INFO: 1.6 - Каталог: Homework 12 | Флаг каталога: True | Родительский каталог: Dive_in_Python
INFO: 1.7 - Каталог: Homework 14 | Флаг каталога: True | Родительский каталог: Dive_in_Python
INFO: 1.8 - Каталог: Homework 15 | Флаг каталога: True | Родительский каталог: Dive_in_Python
INFO: 1.9 - Каталог: Homework 7 | Флаг каталога: True | Родительский каталог: Dive_in_Python
INFO: 1.10 - Каталог: Homework 8 | Флаг каталога: True | Родительский каталог: Dive_in_Python
INFO: 1.11 - Каталог: Homework 9 | Флаг каталога: True | Родительский каталог: Dive_in_Python
INFO: 1.12 - Каталог: Homework1 | Флаг каталога: True | Родительский каталог: Dive_in_Python
INFO: 1.13 - Каталог: Homework2 | Флаг каталога: True | Родительский каталог: Dive_in_Python
INFO: 1.14 - Каталог: Homework3 | Флаг каталога: True | Родительский каталог: Dive_in_Python
INFO: 1.15 - Каталог: Homework4 | Флаг каталога: True | Родительский каталог: Dive_in_Python
INFO: 1.16 - Каталог: Homework5 | Флаг каталога: True | Родительский каталог: Dive_in_Python
INFO: 1.17 - Каталог: Homework6 | Флаг каталога: True | Родительский каталог: Dive_in_Python
INFO: 1.18 - Каталог: Homework_13 | Флаг каталога: True | Родительский каталог: Dive_in_Python
INFO: 1.19 - Каталог: new | Флаг каталога: True | Родительский каталог: Dive_in_Python
INFO: 1.20 - Каталог: Видео | Флаг каталога: True | Родительский каталог: Dive_in_Python
INFO: 1.21 - Каталог: Изображения | Флаг каталога: True | Родительский каталог: Dive_in_Python
INFO: 1.22 - Каталог: Текст | Флаг каталога: True | Родительский каталог: Dive_in_Python
INFO: 1.23 - Файл: 0qK1k8iWMGLkqogDLa7h1He5z6ku. | Расширение: bin | Родительский каталог: Dive_in_Python
INFO: 1.24 - Файл: 10twXlvyBVO8bU. | Расширение: bin | Родительский каталог: Dive_in_Python
INFO: 1.25 - Файл: cdMoRacv5bDEoVAH | Расширение: bin | Родительский каталог: Dive_in_Python
INFO: 1.26 - Файл: CuVrwtFj2Tn | Расширение: bin | Родительский каталог: Dive_in_Python
INFO: 1.27 - Файл: dz15 | Расширение: log | Родительский каталог: Dive_in_Python
INFO: 1.28 - Файл: example | Расширение: csv | Родительский каталог: Dive_in_Python
INFO: 1.29 - Файл: example_csv | Расширение: pickle | Родительский каталог: Dive_in_Python
INFO: 1.30 - Файл: fact_dict | Расширение: json | Родительский каталог: Dive_in_Python
INFO: 1.31 - Файл: fbHhUkQEizgCa7uLB4lBzwpjSltTea | Расширение: bin | Родительский каталог: Dive_in_Python
INFO: 1.32 - Файл: FhmFzkNtgVWDqquUS | Расширение: bin | Родительский каталог: Dive_in_Python
INFO: 1.33 - Файл: guess_number | Расширение: json | Родительский каталог: Dive_in_Python
INFO: 1.34 - Файл: hw | Расширение: log | Родительский каталог: Dive_in_Python
INFO: 1.35 - Файл: mylog | Расширение: log | Родительский каталог: Dive_in_Python
INFO: 1.36 - Файл: numbers | Расширение: csv | Родительский каталог: Dive_in_Python
INFO: 1.37 - Файл: pSQWHbnNq | Расширение: bin | Родительский каталог: Dive_in_Python
INFO: 1.38 - Файл: result | Расширение: csv | Родительский каталог: Dive_in_Python
INFO: 1.39 - Файл: result | Расширение: json | Родительский каталог: Dive_in_Python
INFO: 1.40 - Файл: result | Расширение: pickle | Родительский каталог: Dive_in_Python
INFO: 1.41 - Файл: result_quadr_equat | Расширение: json | Родительский каталог: Dive_in_Python
INFO: 1.42 - Файл: some_func | Расширение: json | Родительский каталог: Dive_in_Python
INFO: 1.43 - Файл: subjects | Расширение: csv | Родительский каталог: Dive_in_Python
INFO: 1.44 - Файл: task_1_file | Расширение: txt | Родительский каталог: Dive_in_Python
INFO: 1.45 - Файл: task_2_file | Расширение: txt | Родительский каталог: Dive_in_Python
INFO: 1.46 - Файл: task_3_file | Расширение: txt | Родительский каталог: Dive_in_Python
INFO: 1.47 - Файл: TiyAufxMKRigaX4v32u2F | Расширение: bin | Родительский каталог: Dive_in_Python
INFO: 1.48 - Файл: wrapper | Расширение: json | Родительский каталог: Dive_in_Python
INFO: 2.1 - Каталог: fsmonitor--daemon | Флаг каталога: True | Родительский каталог: .git
INFO: 2.2 - Каталог: hooks | Флаг каталога: True | Родительский каталог: .git
INFO: 2.3 - Каталог: info | Флаг каталога: True | Родительский каталог: .git
INFO: 2.4 - Каталог: logs | Флаг каталога: True | Родительский каталог: .git
INFO: 2.5 - Каталог: objects | Флаг каталога: True | Родительский каталог: .git
INFO: 2.6 - Каталог: refs | Флаг каталога: True | Родительский каталог: .git
INFO: 2.7 - Файл:  | Расширение: COMMIT_EDITMSG | Родительский каталог: .git
INFO: 2.8 - Файл:  | Расширение: config | Родительский каталог: .git
INFO: 2.9 - Файл:  | Расширение: description | Родительский каталог: .git
INFO: 2.10 - Файл:  | Расширение: HEAD | Родительский каталог: .git
INFO: 2.11 - Файл:  | Расширение: index | Родительский каталог: .git
INFO: 3.1 - Каталог: cookies | Флаг каталога: True | Родительский каталог: fsmonitor--daemon
INFO: 5.1 - Файл: applypatch-msg | Расширение: sample | Родительский каталог: hooks
INFO: 5.2 - Файл: commit-msg | Расширение: sample | Родительский каталог: hooks
INFO: 5.3 - Файл: fsmonitor-watchman | Расширение: sample | Родительский каталог: hooks
INFO: 5.4 - Файл: post-update | Расширение: sample | Родительский каталог: hooks
INFO: 5.5 - Файл: pre-applypatch | Расширение: sample | Родительский каталог: hooks
INFO: 5.6 - Файл: pre-commit | Расширение: sample | Родительский каталог: hooks
INFO: 5.7 - Файл: pre-merge-commit | Расширение: sample | Родительский каталог: hooks
INFO: 5.8 - Файл: pre-push | Расширение: sample | Родительский каталог: hooks
INFO: 5.9 - Файл: pre-rebase | Расширение: sample | Родительский каталог: hooks
INFO: 5.10 - Файл: pre-receive | Расширение: sample | Родительский каталог: hooks
INFO: 5.11 - Файл: prepare-commit-msg | Расширение: sample | Родительский каталог: hooks
INFO: 5.12 - Файл: push-to-checkout | Расширение: sample | Родительский каталог: hooks
INFO: 5.13 - Файл: sendemail-validate | Расширение: sample | Родительский каталог: hooks
INFO: 5.14 - Файл: update | Расширение: sample | Родительский каталог: hooks
INFO: 6.1 - Файл:  | Расширение: exclude | Родительский каталог: info
INFO: 7.1 - Каталог: refs | Флаг каталога: True | Родительский каталог: logs
INFO: 7.2 - Файл:  | Расширение: HEAD | Родительский каталог: logs
INFO: 8.1 - Каталог: heads | Флаг каталога: True | Родительский каталог: refs
INFO: 8.2 - Каталог: remotes | Флаг каталога: True | Родительский каталог: refs
INFO: 9.1 - Файл:  | Расширение: main | Родительский каталог: heads
INFO: 10.1 - Каталог: origin | Флаг каталога: True | Родительский каталог: remotes
INFO: 11.1 - Файл:  | Расширение: main | Родительский каталог: origin
INFO: 12.1 - Каталог: 02 | Флаг каталога: True | Родительский каталог: objects
INFO: 12.2 - Каталог: 03 | Флаг каталога: True | Родительский каталог: objects
INFO: 12.3 - Каталог: 04 | Флаг каталога: True | Родительский каталог: objects
INFO: 12.4 - Каталог: 05 | Флаг каталога: True | Родительский каталог: objects
INFO: 12.5 - Каталог: 07 | Флаг каталога: True | Родительский каталог: objects
INFO: 12.6 - Каталог: 0a | Флаг каталога: True | Родительский каталог: objects
INFO: 12.7 - Каталог: 10 | Флаг каталога: True | Родительский каталог: objects
INFO: 12.8 - Каталог: 11 | Флаг каталога: True | Родительский каталог: objects
INFO: 12.9 - Каталог: 14 | Флаг каталога: True | Родительский каталог: objects
INFO: 12.10 - Каталог: 15 | Флаг каталога: True | Родительский каталог: objects
INFO: 12.11 - Каталог: 1b | Флаг каталога: True | Родительский каталог: objects
INFO: 12.12 - Каталог: 1e | Флаг каталога: True | Родительский каталог: objects
INFO: 12.13 - Каталог: 1f | Флаг каталога: True | Родительский каталог: objects
INFO: 12.14 - Каталог: 21 | Флаг каталога: True | Родительский каталог: objects
INFO: 12.15 - Каталог: 22 | Флаг каталога: True | Родительский каталог: objects
INFO: 12.16 - Каталог: 26 | Флаг каталога: True | Родительский каталог: objects
INFO: 12.17 - Каталог: 27 | Флаг каталога: True | Родительский каталог: objects
INFO: 12.18 - Каталог: 28 | Флаг каталога: True | Родительский каталог: objects
INFO: 12.19 - Каталог: 29 | Флаг каталога: True | Родительский каталог: objects
INFO: 12.20 - Каталог: 2c | Флаг каталога: True | Родительский каталог: objects
INFO: 12.21 - Каталог: 39 | Флаг каталога: True | Родительский каталог: objects
INFO: 12.22 - Каталог: 3a | Флаг каталога: True | Родительский каталог: objects
INFO: 12.23 - Каталог: 3b | Флаг каталога: True | Родительский каталог: objects
INFO: 12.24 - Каталог: 3c | Флаг каталога: True | Родительский каталог: objects
INFO: 12.25 - Каталог: 3f | Флаг каталога: True | Родительский каталог: objects
INFO: 12.26 - Каталог: 43 | Флаг каталога: True | Родительский каталог: objects
INFO: 12.27 - Каталог: 44 | Флаг каталога: True | Родительский каталог: objects
INFO: 12.28 - Каталог: 45 | Флаг каталога: True | Родительский каталог: objects
INFO: 12.29 - Каталог: 46 | Флаг каталога: True | Родительский каталог: objects
INFO: 12.30 - Каталог: 47 | Флаг каталога: True | Родительский каталог: objects
INFO: 12.31 - Каталог: 48 | Флаг каталога: True | Родительский каталог: objects
INFO: 12.32 - Каталог: 4e | Флаг каталога: True | Родительский каталог: objects
INFO: 12.33 - Каталог: 4f | Флаг каталога: True | Родительский каталог: objects
INFO: 12.34 - Каталог: 54 | Флаг каталога: True | Родительский каталог: objects
INFO: 12.35 - Каталог: 55 | Флаг каталога: True | Родительский каталог: objects
INFO: 12.36 - Каталог: 56 | Флаг каталога: True | Родительский каталог: objects
INFO: 12.37 - Каталог: 57 | Флаг каталога: True | Родительский каталог: objects
INFO: 12.38 - Каталог: 58 | Флаг каталога: True | Родительский каталог: objects
INFO: 12.39 - Каталог: 59 | Флаг каталога: True | Родительский каталог: objects
INFO: 12.40 - Каталог: 5b | Флаг каталога: True | Родительский каталог: objects
INFO: 12.41 - Каталог: 5d | Флаг каталога: True | Родительский каталог: objects
INFO: 12.42 - Каталог: 5e | Флаг каталога: True | Родительский каталог: objects
INFO: 12.43 - Каталог: 5f | Флаг каталога: True | Родительский каталог: objects
INFO: 12.44 - Каталог: 60 | Флаг каталога: True | Родительский каталог: objects
INFO: 12.45 - Каталог: 63 | Флаг каталога: True | Родительский каталог: objects
INFO: 12.46 - Каталог: 65 | Флаг каталога: True | Родительский каталог: objects
INFO: 12.47 - Каталог: 69 | Флаг каталога: True | Родительский каталог: objects
INFO: 12.48 - Каталог: 6d | Флаг каталога: True | Родительский каталог: objects
INFO: 12.49 - Каталог: 6e | Флаг каталога: True | Родительский каталог: objects
INFO: 12.50 - Каталог: 6f | Флаг каталога: True | Родительский каталог: objects
INFO: 12.51 - Каталог: 70 | Флаг каталога: True | Родительский каталог: objects
INFO: 12.52 - Каталог: 74 | Флаг каталога: True | Родительский каталог: objects
INFO: 12.53 - Каталог: 79 | Флаг каталога: True | Родительский каталог: objects
INFO: 12.54 - Каталог: 7a | Флаг каталога: True | Родительский каталог: objects
INFO: 12.55 - Каталог: 7c | Флаг каталога: True | Родительский каталог: objects
INFO: 12.56 - Каталог: 7e | Флаг каталога: True | Родительский каталог: objects
INFO: 12.57 - Каталог: 7f | Флаг каталога: True | Родительский каталог: objects
INFO: 12.58 - Каталог: 80 | Флаг каталога: True | Родительский каталог: objects
INFO: 12.59 - Каталог: 81 | Флаг каталога: True | Родительский каталог: objects
INFO: 12.60 - Каталог: 83 | Флаг каталога: True | Родительский каталог: objects
INFO: 12.61 - Каталог: 84 | Флаг каталога: True | Родительский каталог: objects
INFO: 12.62 - Каталог: 89 | Флаг каталога: True | Родительский каталог: objects
INFO: 12.63 - Каталог: 8a | Флаг каталога: True | Родительский каталог: objects
INFO: 12.64 - Каталог: 8b | Флаг каталога: True | Родительский каталог: objects
INFO: 12.65 - Каталог: 8c | Флаг каталога: True | Родительский каталог: objects
INFO: 12.66 - Каталог: 94 | Флаг каталога: True | Родительский каталог: objects
INFO: 12.67 - Каталог: 95 | Флаг каталога: True | Родительский каталог: objects
INFO: 12.68 - Каталог: 97 | Флаг каталога: True | Родительский каталог: objects
INFO: 12.69 - Каталог: 98 | Флаг каталога: True | Родительский каталог: objects
INFO: 12.70 - Каталог: 99 | Флаг каталога: True | Родительский каталог: objects
INFO: 12.71 - Каталог: 9a | Флаг каталога: True | Родительский каталог: objects
INFO: 12.72 - Каталог: 9d | Флаг каталога: True | Родительский каталог: objects
INFO: 12.73 - Каталог: 9e | Флаг каталога: True | Родительский каталог: objects
INFO: 12.74 - Каталог: 9f | Флаг каталога: True | Родительский каталог: objects
INFO: 12.75 - Каталог: a1 | Флаг каталога: True | Родительский каталог: objects
INFO: 12.76 - Каталог: a3 | Флаг каталога: True | Родительский каталог: objects
INFO: 12.77 - Каталог: a4 | Флаг каталога: True | Родительский каталог: objects
INFO: 12.78 - Каталог: a5 | Флаг каталога: True | Родительский каталог: objects
INFO: 12.79 - Каталог: a6 | Флаг каталога: True | Родительский каталог: objects
INFO: 12.80 - Каталог: ab | Флаг каталога: True | Родительский каталог: objects
INFO: 12.81 - Каталог: ac | Флаг каталога: True | Родительский каталог: objects
INFO: 12.82 - Каталог: b0 | Флаг каталога: True | Родительский каталог: objects
INFO: 12.83 - Каталог: b3 | Флаг каталога: True | Родительский каталог: objects
INFO: 12.84 - Каталог: b4 | Флаг каталога: True | Родительский каталог: objects
INFO: 12.85 - Каталог: b5 | Флаг каталога: True | Родительский каталог: objects
INFO: 12.86 - Каталог: b7 | Флаг каталога: True | Родительский каталог: objects
INFO: 12.87 - Каталог: bd | Флаг каталога: True | Родительский каталог: objects
INFO: 12.88 - Каталог: be | Флаг каталога: True | Родительский каталог: objects
INFO: 12.89 - Каталог: bf | Флаг каталога: True | Родительский каталог: objects
INFO: 12.90 - Каталог: c4 | Флаг каталога: True | Родительский каталог: objects
INFO: 12.91 - Каталог: c6 | Флаг каталога: True | Родительский каталог: objects
INFO: 12.92 - Каталог: c9 | Флаг каталога: True | Родительский каталог: objects
INFO: 12.93 - Каталог: cc | Флаг каталога: True | Родительский каталог: objects
INFO: 12.94 - Каталог: cf | Флаг каталога: True | Родительский каталог: objects
INFO: 12.95 - Каталог: d0 | Флаг каталога: True | Родительский каталог: objects
INFO: 12.96 - Каталог: d3 | Флаг каталога: True | Родительский каталог: objects
INFO: 12.97 - Каталог: d4 | Флаг каталога: True | Родительский каталог: objects
INFO: 12.98 - Каталог: d6 | Флаг каталога: True | Родительский каталог: objects
INFO: 12.99 - Каталог: da | Флаг каталога: True | Родительский каталог: objects
INFO: 12.100 - Каталог: db | Флаг каталога: True | Родительский каталог: objects
INFO: 12.101 - Каталог: dc | Флаг каталога: True | Родительский каталог: objects
INFO: 12.102 - Каталог: df | Флаг каталога: True | Родительский каталог: objects
INFO: 12.103 - Каталог: e1 | Флаг каталога: True | Родительский каталог: objects
INFO: 12.104 - Каталог: e2 | Флаг каталога: True | Родительский каталог: objects
INFO: 12.105 - Каталог: e3 | Флаг каталога: True | Родительский каталог: objects
INFO: 12.106 - Каталог: e6 | Флаг каталога: True | Родительский каталог: objects
INFO: 12.107 - Каталог: e7 | Флаг каталога: True | Родительский каталог: objects
INFO: 12.108 - Каталог: e8 | Флаг каталога: True | Родительский каталог: objects
INFO: 12.109 - Каталог: e9 | Флаг каталога: True | Родительский каталог: objects
INFO: 12.110 - Каталог: ea | Флаг каталога: True | Родительский каталог: objects
INFO: 12.111 - Каталог: ee | Флаг каталога: True | Родительский каталог: objects
INFO: 12.112 - Каталог: ef | Флаг каталога: True | Родительский каталог: objects
INFO: 12.113 - Каталог: f0 | Флаг каталога: True | Родительский каталог: objects
INFO: 12.114 - Каталог: f2 | Флаг каталога: True | Родительский каталог: objects
INFO: 12.115 - Каталог: f4 | Флаг каталога: True | Родительский каталог: objects
INFO: 12.116 - Каталог: f6 | Флаг каталога: True | Родительский каталог: objects
INFO: 12.117 - Каталог: f9 | Флаг каталога: True | Родительский каталог: objects
INFO: 12.118 - Каталог: fc | Флаг каталога: True | Родительский каталог: objects
INFO: 12.119 - Каталог: ff | Флаг каталога: True | Родительский каталог: objects
INFO: 12.120 - Каталог: info | Флаг каталога: True | Родительский каталог: objects
INFO: 12.121 - Каталог: pack | Флаг каталога: True | Родительский каталог: objects
INFO: 13.1 - Файл:  | Расширение: 5653a8045078c2e3f6af6cc8676087b1886a25 | Родительский каталог: 02
INFO: 13.2 - Файл:  | Расширение: a546f1c8b8f49336c612a3dff47b95beaace9a | Родительский каталог: 02
INFO: 14.1 - Файл:  | Расширение: 5834de45ea5d92121f6e50b92c72ae27a5487e | Родительский каталог: 03
INFO: 15.1 - Файл:  | Расширение: c6c81e5aff10c840fc852298254f2628dc5365 | Родительский каталог: 04
INFO: 16.1 - Файл:  | Расширение: c0404d44ef2a74cedd35b8e26b75c817d9e38b | Родительский каталог: 05
INFO: 17.1 - Файл:  | Расширение: 39faa98132f0202391d9ea74fd8c7e0f8060d3 | Родительский каталог: 07
INFO: 17.2 - Файл:  | Расширение: 6aa95f758069bb8bd2e4d2ae3fecc54c91e942 | Родительский каталог: 07
INFO: 17.3 - Файл:  | Расширение: d37fba8a8396dc0a7b5ca2d837d197401c01bc | Родительский каталог: 07
INFO: 18.1 - Файл:  | Расширение: 305e0d2d760ae356d6a659c17de589ff026f8e | Родительский каталог: 0a
INFO: 19.1 - Файл:  | Расширение: 8488ed44cb46d5cfcae7e553ff5f140402c8a1 | Родительский каталог: 10
INFO: 20.1 - Файл:  | Расширение: d1d719e63e82f52d1bf7dc4a9ee89fa22a0743 | Родительский каталог: 11
INFO: 20.2 - Файл:  | Расширение: e2e5e238266921e00b47c4e5d9e0158fb340dd | Родительский каталог: 11
INFO: 21.1 - Файл:  | Расширение: 7bcd71adbb8b5c36ab01c8384bf02ecae7fc26 | Родительский каталог: 14
INFO: 22.1 - Файл:  | Расширение: 7f9ff91f7ec65c0b3328be66d834207285d009 | Родительский каталог: 15
INFO: 23.1 - Файл:  | Расширение: 5741bd8f6f8dbc568c43c4b8f020162ab27f52 | Родительский каталог: 1b
INFO: 24.1 - Файл:  | Расширение: 4bb32bace6480300ed159da343bdcd3f49ab44 | Родительский каталог: 1e
INFO: 25.1 - Файл:  | Расширение: b646d63c97686062e66bd6052be7a98922b321 | Родительский каталог: 1f
INFO: 26.1 - Файл:  | Расширение: 01c8b69d583290939901031b7e3703c5d65db1 | Родительский каталог: 21
INFO: 27.1 - Файл:  | Расширение: 63588b93f3b117de5e5bd40f92d545725738ce | Родительский каталог: 22
INFO: 28.1 - Файл:  | Расширение: d3a97b155c90ed2c1834cdbf6df7e4af7e7fe3 | Родительский каталог: 26
INFO: 29.1 - Файл:  | Расширение: 9282204a7b76968ec6ece37d064d1e60cf1452 | Родительский каталог: 27
INFO: 29.2 - Файл:  | Расширение: c312b2b6c5c68b14e0c59028629fea31c76d1c | Родительский каталог: 27
INFO: 30.1 - Файл:  | Расширение: 1438ac6eb958d7523f5e66f13f8bddd2c397b8 | Родительский каталог: 28
INFO: 31.1 - Файл:  | Расширение: 2835de48893106dc3c464162d2eb1be87d192c | Родительский каталог: 29
INFO: 31.2 - Файл:  | Расширение: e786dc5629dc855adbc815d0f324f43188e89f | Родительский каталог: 29
INFO: 32.1 - Файл:  | Расширение: 33fed44646a5a1eb667b251e74061031b2f293 | Родительский каталог: 2c
INFO: 32.2 - Файл:  | Расширение: db9a6da25971fc482f789f6f6f116904e44455 | Родительский каталог: 2c
INFO: 33.1 - Файл:  | Расширение: a9d1c83017ef437031c45a85b504e61fe93529 | Родительский каталог: 39
INFO: 34.1 - Файл:  | Расширение: 97c029ae4dc44ee770716963b634b582b6b197 | Родительский каталог: 3a
INFO: 35.1 - Файл:  | Расширение: 967869820be1eafb0f059b5283845f5c5c28e6 | Родительский каталог: 3b
INFO: 35.2 - Файл:  | Расширение: a41600d23a8335451b788a7b5666b3e13c5d28 | Родительский каталог: 3b
INFO: 36.1 - Файл:  | Расширение: cca4a233b87fe6acd1d494a330e99594a65176 | Родительский каталог: 3c
INFO: 37.1 - Файл:  | Расширение: 905de7ddf4d4c5c890792d13b3d0bbd21c5e19 | Родительский каталог: 3f
INFO: 38.1 - Файл:  | Расширение: 7772d1376c1acead2681f5bdeadbe9ce671f6a | Родительский каталог: 43
INFO: 39.1 - Файл:  | Расширение: b4cc4fdc73d2dd0793146db3a1c7d7d735b54a | Родительский каталог: 44
INFO: 40.1 - Файл:  | Расширение: 2ad7e0155057116499eef1c157055421803dbb | Родительский каталог: 45
INFO: 40.2 - Файл:  | Расширение: d6cec3353f7a69a517869493e0ff3254ab0348 | Родительский каталог: 45
INFO: 41.1 - Файл:  | Расширение: 026d16a84fb872d76adbfe296efb2c6a0da524 | Родительский каталог: 46
INFO: 42.1 - Файл:  | Расширение: 69c209dd05ad8f95d9db477198dfb9c7a8871a | Родительский каталог: 47
INFO: 43.1 - Файл:  | Расширение: 000faaa84a29750b072e2a7ffb8f9ed25acbd2 | Родительский каталог: 48
INFO: 43.2 - Файл:  | Расширение: 33ca53798ae5ffa7580ec86736d3c681c3d6ad | Родительский каталог: 48
INFO: 43.3 - Файл:  | Расширение: fded2d4a3694c279f77c8623dcc90a73ab53d4 | Родительский каталог: 48
INFO: 44.1 - Файл:  | Расширение: 1d30ea1f4d87b15432da4543a07c58d67dafa6 | Родительский каталог: 4e
INFO: 44.2 - Файл:  | Расширение: 65e0195aed59533d25d73dab2ee190836c19b0 | Родительский каталог: 4e
INFO: 45.1 - Файл:  | Расширение: d38084397622e30f3b4abd605dc6c82ba5347a | Родительский каталог: 4f
INFO: 46.1 - Файл:  | Расширение: cb897e3f10e514bf752251b04588ca9b4d33aa | Родительский каталог: 54
INFO: 46.2 - Файл:  | Расширение: fbfeafddb18d436ffb94803409fb741e8c3950 | Родительский каталог: 54
INFO: 47.1 - Файл:  | Расширение: 042a9a8418756079d605160e5fe6cbaaeb450d | Родительский каталог: 55
INFO: 47.2 - Файл:  | Расширение: 220decad5bd3a3edbeee09512ecf2c3dcc88c6 | Родительский каталог: 55
INFO: 48.1 - Файл:  | Расширение: 80d655ea15b3ce5a1b99c35d17cb7944ee695a | Родительский каталог: 56
INFO: 49.1 - Файл:  | Расширение: 3d8e2cdb5c47dc3ed89d0e5f53512d65533d22 | Родительский каталог: 57
INFO: 50.1 - Файл:  | Расширение: 12731dbe8e6f1e74103f585370ad63b34f45b5 | Родительский каталог: 58
INFO: 51.1 - Файл:  | Расширение: 04dc62fbfb099e39db96d8c1ec2c0008fb19da | Родительский каталог: 59
INFO: 52.1 - Файл:  | Расширение: 76779f32255fd0bd9eb47826331a8a54f54672 | Родительский каталог: 5b
INFO: 52.2 - Файл:  | Расширение: d159d1277a9ba9a8110908c9c47638f3244f49 | Родительский каталог: 5b
INFO: 53.1 - Файл:  | Расширение: 22590a9e4b5fe922049cee99f164a5c95b02a6 | Родительский каталог: 5d
INFO: 54.1 - Файл:  | Расширение: 0ec90e29f00ca1964787c418d8a1aad2e72f89 | Родительский каталог: 5e
INFO: 55.1 - Файл:  | Расширение: 7742eb21a4ae536a5b19f2b77bac7fd7fdef6f | Родительский каталог: 5f
INFO: 55.2 - Файл:  | Расширение: fe5fd99a76760fe0c5296f1c90c1465dd9d69d | Родительский каталог: 5f
INFO: 56.1 - Файл:  | Расширение: 9004fea66f54a276c5e63b82d02c438f373994 | Родительский каталог: 60
INFO: 57.1 - Файл:  | Расширение: 9d93673e33db652c760a8fff3761a2c664ce72 | Родительский каталог: 63
INFO: 58.1 - Файл:  | Расширение: 5d3410a28107a0f4b56a822b396acfc2344930 | Родительский каталог: 65
INFO: 59.1 - Файл:  | Расширение: 54f920159d8bc6b71cef75692e47e5c7efb1e4 | Родительский каталог: 69
INFO: 60.1 - Файл:  | Расширение: 9962636bc7d7824c74f1470ba5d2346d60f76d | Родительский каталог: 6d
INFO: 60.2 - Файл:  | Расширение: ae538156b491f4d7e1efc0dd88f5ae48d9abe4 | Родительский каталог: 6d
INFO: 61.1 - Файл:  | Расширение: a9a732c6df61327db812d13a60883e6f02276a | Родительский каталог: 6e
INFO: 62.1 - Файл:  | Расширение: d419e6fa1728eafbd2283678f5be701ba6a460 | Родительский каталог: 6f
INFO: 63.1 - Файл:  | Расширение: 62fed5542286627c83bd561594944c6dca5bf1 | Родительский каталог: 70
INFO: 63.2 - Файл:  | Расширение: 9972b61ff02ae5ca515cf6dfc7649822b02056 | Родительский каталог: 70
INFO: 63.3 - Файл:  | Расширение: cbf65eb394681e86782883af5ef140a068f964 | Родительский каталог: 70
INFO: 64.1 - Файл:  | Расширение: 03038acdf0b39157b96d4948fcfe8438c2cdcb | Родительский каталог: 74
INFO: 65.1 - Файл:  | Расширение: b4e0a1ffa9e7b25e225048be2cc3be1ad6d99f | Родительский каталог: 79
INFO: 66.1 - Файл:  | Расширение: c6496bca1c98b3818902aea287df44abf6d2e3 | Родительский каталог: 7a
INFO: 67.1 - Файл:  | Расширение: 6eab6d38f6bbbe7f169c0986adafd172a76795 | Родительский каталог: 7c
INFO: 68.1 - Файл:  | Расширение: 71c78465637e867a3060eb68cda13889f208b1 | Родительский каталог: 7e
INFO: 69.1 - Файл:  | Расширение: 813065204442b6c448059a42702c88876ac10e | Родительский каталог: 7f
INFO: 70.1 - Файл:  | Расширение: a826169f0336e604844dcd85182b3086554e3b | Родительский каталог: 80
INFO: 70.2 - Файл:  | Расширение: a90e6968e6a7e97fc19b4a9d79415acebd5283 | Родительский каталог: 80
INFO: 71.1 - Файл:  | Расширение: ff7db9ee659d8c94df537751c421626354ff51 | Родительский каталог: 81
INFO: 72.1 - Файл:  | Расширение: a29f3ab7366df024725c873d906d6d418cc1fb | Родительский каталог: 83
INFO: 73.1 - Файл:  | Расширение: 34bd279aa24244ed964ce4bc0962fe995d4f9f | Родительский каталог: 84
INFO: 74.1 - Файл:  | Расширение: d851aea452e7fe36de2eb8361664510037b84d | Родительский каталог: 89
INFO: 75.1 - Файл:  | Расширение: f0c48c8b4d5669b5b871bd713b4843d79a6b0d | Родительский каталог: 8a
INFO: 76.1 - Файл:  | Расширение: aa8c0633f02808ae996b0024ac4685a4cac09e | Родительский каталог: 8b
INFO: 77.1 - Файл:  | Расширение: df8439766f5ccac0422da79ac14e922c8c4cae | Родительский каталог: 8c
INFO: 78.1 - Файл:  | Расширение: 35114920ae8a98fd0e55728ebdd58d80df097e | Родительский каталог: 94
INFO: 79.1 - Файл:  | Расширение: 09afcd43808f4696bef39555f30a796de04d65 | Родительский каталог: 95
INFO: 80.1 - Файл:  | Расширение: a0f1fa12a6396289817af6c60448b9215263ce | Родительский каталог: 97
INFO: 81.1 - Файл:  | Расширение: 4d6c81765e7d6ee393614792e0ee061146b674 | Родительский каталог: 98
INFO: 81.2 - Файл:  | Расширение: a4c380d43c9b994d1adbb90852631c53b1ea98 | Родительский каталог: 98
INFO: 82.1 - Файл:  | Расширение: 904b27b12955ef3e49f590b5f5f5693b5f4fb1 | Родительский каталог: 99
INFO: 83.1 - Файл:  | Расширение: 45c47aae1bd299e1f832fc141af26c899a9ae4 | Родительский каталог: 9a
INFO: 83.2 - Файл:  | Расширение: cf6a749d4230da32d453be3e1a7ced14251e1f | Родительский каталог: 9a
INFO: 84.1 - Файл:  | Расширение: beed49dfb7b95d7d33e66c2d947838db54da71 | Родительский каталог: 9d
INFO: 84.2 - Файл:  | Расширение: ea67223868b1d117985208daa39199cb0116b6 | Родительский каталог: 9d
INFO: 85.1 - Файл:  | Расширение: 2bb2151d2ece210abd7dc255ccfd5efd2f1f5b | Родительский каталог: 9e
INFO: 86.1 - Файл:  | Расширение: 5647af666a5f2a83c6f1bfbe6477fb01d23a0d | Родительский каталог: 9f
INFO: 87.1 - Файл:  | Расширение: 6824b47344ab002bc50eb50dad6d968be82bbb | Родительский каталог: a1
INFO: 88.1 - Файл:  | Расширение: 4b341cd210f802090948ea664521732c44920b | Родительский каталог: a3
INFO: 88.2 - Файл:  | Расширение: 6622544e9e2ed88245305ee2398b02d9293333 | Родительский каталог: a3
INFO: 89.1 - Файл:  | Расширение: 0845be3868a0ba0233ccf865205957331c4f7a | Родительский каталог: a4
INFO: 90.1 - Файл:  | Расширение: 27b4f8865974bd4c69dac45fd65f7c58d2f4b5 | Родительский каталог: a5
INFO: 90.2 - Файл:  | Расширение: 547c40b1e721005f6b7949e3da7897271b59a4 | Родительский каталог: a5
INFO: 91.1 - Файл:  | Расширение: 1a7c740212b2d06828247a586bfd89ee53b12e | Родительский каталог: a6
INFO: 92.1 - Файл:  | Расширение: 0a8adc2b07dd33d67cb4d3815fd550e21d5ac7 | Родительский каталог: ab
INFO: 93.1 - Файл:  | Расширение: 82aa71dfe4fb689ee1df9b65ea844dfc02a6cd | Родительский каталог: ac
INFO: 94.1 - Файл:  | Расширение: 5179fc13b9a4452111973588f25ea515cd26b9 | Родительский каталог: b0
INFO: 94.2 - Файл:  | Расширение: 9dc3d2c93c56be02dbe6dc1e4ec68a3cdf38cb | Родительский каталог: b0
INFO: 94.3 - Файл:  | Расширение: ab8d8cfe72899598641d987bf903a2a100dec9 | Родительский каталог: b0
INFO: 95.1 - Файл:  | Расширение: 44b2f58fd7ccc7e5bebcfe4b460a8c79669404 | Родительский каталог: b3
INFO: 96.1 - Файл:  | Расширение: e32930bc5019270c86675688ad04e5993a6a57 | Родительский каталог: b4
INFO: 97.1 - Файл:  | Расширение: 3cf4cd167c75bb056c4884a6d515313fc283e6 | Родительский каталог: b5
INFO: 97.2 - Файл:  | Расширение: dbbcf1b8e7014ecf9380372185002150dfe33b | Родительский каталог: b5
INFO: 98.1 - Файл:  | Расширение: 4ac8aa2c47426bd6c7fa90907892dda61706a2 | Родительский каталог: b7
INFO: 98.2 - Файл:  | Расширение: 93189cf3b9b0ad886ab4228feaea1eb1c271fb | Родительский каталог: b7
INFO: 99.1 - Файл:  | Расширение: 0d13ff697d415265f95a05ff2c44c5ea153d65 | Родительский каталог: bd
INFO: 100.1 - Файл:  | Расширение: 2227f8f2488e8da45f3da78d5b503727540d4b | Родительский каталог: be
INFO: 100.2 - Файл:  | Расширение: bbc4b6154454a8385c1e348e65b4f1e3609db4 | Родительский каталог: be
INFO: 101.1 - Файл:  | Расширение: 154460dbdf2b8c13c98ef37739549058874225 | Родительский каталог: bf
INFO: 102.1 - Файл:  | Расширение: 8c8e8043e820910a663a731aea3d22ac94e946 | Родительский каталог: c4
INFO: 103.1 - Файл:  | Расширение: e19d5d1e67089cd288686fd442c78511bc8a38 | Родительский каталог: c6
INFO: 104.1 - Файл:  | Расширение: 9f85183406a412c52460ec1666373b4cad91e7 | Родительский каталог: c9
INFO: 105.1 - Файл:  | Расширение: a93b0a7b1b813ac1b27a8656e72c79b67b6dd1 | Родительский каталог: cc
INFO: 106.1 - Файл:  | Расширение: b9d17c83dcd6aaa2f9a171a37bb065c6aa0577 | Родительский каталог: cf
INFO: 107.1 - Файл:  | Расширение: d86aeddccbfd6becf8b6e124a0835e8ab129e5 | Родительский каталог: d0
INFO: 108.1 - Файл:  | Расширение: f57e9243863cbd5ef52657133ab8888b737f13 | Родительский каталог: d3
INFO: 109.1 - Файл:  | Расширение: b71bce864b2cec2a319be4eb9a227c20140597 | Родительский каталог: d4
INFO: 109.2 - Файл:  | Расширение: fc5a37e6cd024347f73ca195193cea70fc9089 | Родительский каталог: d4
INFO: 110.1 - Файл:  | Расширение: 3be48e7c60fe6ca51068e5b778b9378441cf57 | Родительский каталог: d6
INFO: 111.1 - Файл:  | Расширение: 27a3c4f4b9a45062328dda904ada11c8b562cc | Родительский каталог: da
INFO: 111.2 - Файл:  | Расширение: 60ed07c331913405733c0ae513b8dbe4f6daa4 | Родительский каталог: da
INFO: 111.3 - Файл:  | Расширение: 99d3c45a3ed45d22ab6b88563ba3bff9bae483 | Родительский каталог: da
INFO: 112.1 - Файл:  | Расширение: f43119d08a8d6435cefa1f92cc80937d739861 | Родительский каталог: db
INFO: 113.1 - Файл:  | Расширение: 6f3a7ee52e059245d51d29cb13fecb495cb5d3 | Родительский каталог: dc
INFO: 114.1 - Файл:  | Расширение: bf444c518c48581d56b32f3ba3264e294112f2 | Родительский каталог: df
INFO: 115.1 - Файл:  | Расширение: 25e6c46f79fab7e0d9bc3fe92ff71b9dec2329 | Родительский каталог: e1
INFO: 115.2 - Файл:  | Расширение: 6adcb38c7ba7d12b5af023fdbc6d8cf7fcc5b2 | Родительский каталог: e1
INFO: 116.1 - Файл:  | Расширение: 3b1e6bbc199a0453ceee32bdca97eec6611c19 | Родительский каталог: e2
INFO: 116.2 - Файл:  | Расширение: 4bd2d0c3d1fab5221015a785cb284360eb581d | Родительский каталог: e2
INFO: 117.1 - Файл:  | Расширение: 3669e2294d43b1bedf6f308f1ab02781bea179 | Родительский каталог: e3
INFO: 117.2 - Файл:  | Расширение: 8e93accd9b6a4041ce0664082a9c53c8c35a7e | Родительский каталог: e3
INFO: 118.1 - Файл:  | Расширение: 9de29bb2d1d6434b8b29ae775ad8c2e48c5391 | Родительский каталог: e6
INFO: 119.1 - Файл:  | Расширение: 141506a6b035401a510e96849bdf1d2c010a04 | Родительский каталог: e7
INFO: 119.2 - Файл:  | Расширение: 261206f54bdbf5d968f1fc4af89de98d001991 | Родительский каталог: e7
INFO: 120.1 - Файл:  | Расширение: 299021b3f6414560f5e4280f5616ccf0df1f4c | Родительский каталог: e8
INFO: 120.2 - Файл:  | Расширение: c83c4f6b7ff1e454466f1b74ed6cdd69018133 | Родительский каталог: e8
INFO: 121.1 - Файл:  | Расширение: 864d2f4331aa7e50fe68b1e0cac1d9a2322a36 | Родительский каталог: e9
INFO: 122.1 - Файл:  | Расширение: 7bbbe08e8f6528f6e9a0c8a3ff431bdbf718d2 | Родительский каталог: ea
INFO: 123.1 - Файл:  | Расширение: 46658b8239c95c0730a2417769e4c70d0f1f03 | Родительский каталог: ee
INFO: 124.1 - Файл:  | Расширение: f8a6afaa32f9665897f385164dd4800f53f1a3 | Родительский каталог: ef
INFO: 125.1 - Файл:  | Расширение: 010e7c58cdd89a6ee3cf2e9d3abb27206d2a9c | Родительский каталог: f0
INFO: 126.1 - Файл:  | Расширение: 132bf30879ec8177aed3e75797dce56e6d07b5 | Родительский каталог: f2
INFO: 126.2 - Файл:  | Расширение: 7402f50504fe77caa178cce92b8da260e89d09 | Родительский каталог: f2
INFO: 127.1 - Файл:  | Расширение: 6f3ee714d77be4517c5476d03f0f575d1ee88d | Родительский каталог: f4
INFO: 127.2 - Файл:  | Расширение: b3fbf7ebdbbb3cb3586d81e9956df1b34da022 | Родительский каталог: f4
INFO: 128.1 - Файл:  | Расширение: 9676782cee9f931f3def835a6dc9193092fb2d | Родительский каталог: f6
INFO: 128.2 - Файл:  | Расширение: b5c604a12e962a2b3f6bb2fcdb6c43edbacacd | Родительский каталог: f6
INFO: 129.1 - Файл:  | Расширение: 555eb180717257353d606e1a3e579e9bdaf5ef | Родительский каталог: f9
INFO: 130.1 - Файл:  | Расширение: d688355fdbd5a25595973131f1e739833ffdd7 | Родительский каталог: fc
INFO: 131.1 - Файл:  | Расширение: be4850f6573b937d93dc74a69a04082c20887f | Родительский каталог: ff
INFO: 131.2 - Файл:  | Расширение: f19873b6a09cce73da465c21a22985ab406827 | Родительский каталог: ff
INFO: 134.1 - Каталог: heads | Флаг каталога: True | Родительский каталог: refs
INFO: 134.2 - Каталог: remotes | Флаг каталога: True | Родительский каталог: refs
INFO: 134.3 - Каталог: tags | Флаг каталога: True | Родительский каталог: refs
INFO: 135.1 - Файл:  | Расширение: main | Родительский каталог: heads
INFO: 136.1 - Каталог: origin | Флаг каталога: True | Родительский каталог: remotes
INFO: 137.1 - Файл:  | Расширение: main | Родительский каталог: origin
INFO: 139.1 - Каталог: inspectionProfiles | Флаг каталога: True | Родительский каталог: .idea
INFO: 139.2 - Файл:  | Расширение: gitignore | Родительский каталог: .idea
INFO: 139.3 - Файл: Dive_in_Python | Расширение: iml | Родительский каталог: .idea
INFO: 139.4 - Файл: misc | Расширение: xml | Родительский каталог: .idea
INFO: 139.5 - Файл: modules | Расширение: xml | Родительский каталог: .idea
INFO: 139.6 - Файл: vcs | Расширение: xml | Родительский каталог: .idea
INFO: 139.7 - Файл: workspace | Расширение: xml | Родительский каталог: .idea
INFO: 140.1 - Файл: profiles_settings | Расширение: xml | Родительский каталог: inspectionProfiles
INFO: 141.1 - Каталог: v | Флаг каталога: True | Родительский каталог: .pytest_cache
INFO: 141.2 - Файл:  | Расширение: gitignore | Родительский каталог: .pytest_cache
INFO: 141.3 - Файл: CACHEDIR | Расширение: TAG | Родительский каталог: .pytest_cache
INFO: 141.4 - Файл: README | Расширение: md | Родительский каталог: .pytest_cache
INFO: 142.1 - Каталог: cache | Флаг каталога: True | Родительский каталог: v
INFO: 143.1 - Файл:  | Расширение: nodeids | Родительский каталог: cache
INFO: 143.2 - Файл:  | Расширение: stepwise | Родительский каталог: cache
INFO: 144.1 - Каталог: __pycache__ | Флаг каталога: True | Родительский каталог: Homework 10
INFO: 144.2 - Файл: task10_1 | Расширение: py | Родительский каталог: Homework 10
INFO: 144.3 - Файл: task10_2 | Расширение: py | Родительский каталог: Homework 10
INFO: 144.4 - Файл: task10_3 | Расширение: py | Родительский каталог: Homework 10
INFO: 144.5 - Файл: task10_4 | Расширение: py | Родительский каталог: Homework 10
INFO: 144.6 - Файл: task10_5 | Расширение: py | Родительский каталог: Homework 10
INFO: 144.7 - Файл: task10_6 | Расширение: py | Родительский каталог: Homework 10
INFO: 144.8 - Файл: task_1hw | Расширение: py | Родительский каталог: Homework 10
INFO: 144.9 - Файл: task_2hw | Расширение: py | Родительский каталог: Homework 10
INFO: 145.1 - Файл: task10_1.cpython-311 | Расширение: pyc | Родительский каталог: __pycache__
INFO: 145.2 - Файл: task10_6.cpython-311 | Расширение: pyc | Родительский каталог: __pycache__
INFO: 145.3 - Файл: task_3.cpython-311 | Расширение: pyc | Родительский каталог: __pycache__
INFO: 146.1 - Файл: task_1 | Расширение: py | Родительский каталог: Homework 11
INFO: 146.2 - Файл: task_2 | Расширение: py | Родительский каталог: Homework 11
INFO: 146.3 - Файл: task_3 | Расширение: py | Родительский каталог: Homework 11
INFO: 146.4 - Файл: task_4 | Расширение: py | Родительский каталог: Homework 11
INFO: 147.1 - Файл: task_1 | Расширение: py | Родительский каталог: Homework 12
INFO: 147.2 - Файл: task_1hw | Расширение: py | Родительский каталог: Homework 12
INFO: 147.3 - Файл: task_2 | Расширение: py | Родительский каталог: Homework 12
INFO: 147.4 - Файл: task_3 | Расширение: py | Родительский каталог: Homework 12
INFO: 147.5 - Файл: task_4 | Расширение: py | Родительский каталог: Homework 12
INFO: 148.1 - Каталог: .pytest_cache | Флаг каталога: True | Родительский каталог: Homework 14
INFO: 148.2 - Каталог: __pycache__ | Флаг каталога: True | Родительский каталог: Homework 14
INFO: 148.3 - Файл: task_1 | Расширение: py | Родительский каталог: Homework 14
INFO: 148.4 - Файл: task_1hw | Расширение: py | Родительский каталог: Homework 14
INFO: 148.5 - Файл: task_2 | Расширение: py | Родительский каталог: Homework 14
INFO: 148.6 - Файл: task_3 | Расширение: py | Родительский каталог: Homework 14
INFO: 149.1 - Каталог: v | Флаг каталога: True | Родительский каталог: .pytest_cache
INFO: 149.2 - Файл:  | Расширение: gitignore | Родительский каталог: .pytest_cache
INFO: 149.3 - Файл: CACHEDIR | Расширение: TAG | Родительский каталог: .pytest_cache
INFO: 149.4 - Файл: README | Расширение: md | Родительский каталог: .pytest_cache
INFO: 150.1 - Каталог: cache | Флаг каталога: True | Родительский каталог: v
INFO: 151.1 - Файл:  | Расширение: nodeids | Родительский каталог: cache
INFO: 151.2 - Файл:  | Расширение: stepwise | Родительский каталог: cache
INFO: 152.1 - Файл: task_1.cpython-311 | Расширение: pyc | Родительский каталог: __pycache__
INFO: 152.2 - Файл: task_3.cpython-311-pytest-7.4.2 | Расширение: pyc | Родительский каталог: __pycache__
INFO: 153.1 - Файл: task_1 | Расширение: py | Родительский каталог: Homework 15
INFO: 153.2 - Файл: task_1hw | Расширение: log | Родительский каталог: Homework 15
INFO: 153.3 - Файл: task_1hw | Расширение: py | Родительский каталог: Homework 15
INFO: 153.4 - Файл: task_2 | Расширение: py | Родительский каталог: Homework 15
INFO: 153.5 - Файл: task_3 | Расширение: py | Родительский каталог: Homework 15
INFO: 153.6 - Файл: task_4 | Расширение: py | Родительский каталог: Homework 15
INFO: 154.1 - Каталог: __pycache__ | Флаг каталога: True | Родительский каталог: Homework 7
INFO: 154.2 - Файл: task7_1 | Расширение: py | Родительский каталог: Homework 7
INFO: 154.3 - Файл: task7_2 | Расширение: py | Родительский каталог: Homework 7
INFO: 154.4 - Файл: task7_3 | Расширение: py | Родительский каталог: Homework 7
INFO: 154.5 - Файл: task7_4 | Расширение: py | Родительский каталог: Homework 7
INFO: 154.6 - Файл: task7_5 | Расширение: py | Родительский каталог: Homework 7
INFO: 154.7 - Файл: task7_6 | Расширение: py | Родительский каталог: Homework 7
INFO: 154.8 - Файл: task7_7 | Расширение: py | Родительский каталог: Homework 7
INFO: 154.9 - Файл: task_1hw | Расширение: py | Родительский каталог: Homework 7
INFO: 154.10 - Файл: task_2hw | Расширение: py | Родительский каталог: Homework 7
INFO: 155.1 - Файл: task7_1.cpython-311 | Расширение: pyc | Родительский каталог: __pycache__
INFO: 155.2 - Файл: task7_2.cpython-311 | Расширение: pyc | Родительский каталог: __pycache__
INFO: 155.3 - Файл: task7_4.cpython-311 | Расширение: pyc | Родительский каталог: __pycache__
INFO: 155.4 - Файл: task7_5.cpython-311 | Расширение: pyc | Родительский каталог: __pycache__
INFO: 156.1 - Файл: n | Расширение: pickle | Родительский каталог: Homework 8
INFO: 156.2 - Файл: new_user_db | Расширение: json | Родительский каталог: Homework 8
INFO: 156.3 - Файл: task8_2 | Расширение: py | Родительский каталог: Homework 8
INFO: 156.4 - Файл: task8_4 | Расширение: py | Родительский каталог: Homework 8
INFO: 156.5 - Файл: task8_5 | Расширение: py | Родительский каталог: Homework 8
INFO: 156.6 - Файл: task8_6 | Расширение: py | Родительский каталог: Homework 8
INFO: 156.7 - Файл: task_1hw | Расширение: py | Родительский каталог: Homework 8
INFO: 156.8 - Файл:  | Расширение: task_1_file | Родительский каталог: Homework 8
INFO: 156.9 - Файл: task_2hw | Расширение: py | Родительский каталог: Homework 8
INFO: 156.10 - Файл: task_2_file | Расширение: txt | Родительский каталог: Homework 8
INFO: 156.11 - Файл: task_3hw | Расширение: py | Родительский каталог: Homework 8
INFO: 156.12 - Файл: u | Расширение: pickle | Родительский каталог: Homework 8
INFO: 156.13 - Файл: user_db | Расширение: csv | Родительский каталог: Homework 8
INFO: 156.14 - Файл: user_db | Расширение: json | Родительский каталог: Homework 8
INFO: 157.1 - Каталог: __pycache__ | Флаг каталога: True | Родительский каталог: Homework 9
INFO: 157.2 - Файл: ry | Расширение: py | Родительский каталог: Homework 9
INFO: 157.3 - Файл: task9_1 | Расширение: py | Родительский каталог: Homework 9
INFO: 157.4 - Файл: task9_2 | Расширение: py | Родительский каталог: Homework 9
INFO: 157.5 - Файл: task9_3 | Расширение: py | Родительский каталог: Homework 9
INFO: 157.6 - Файл: task9_4 | Расширение: py | Родительский каталог: Homework 9
INFO: 157.7 - Файл: task9_5 | Расширение: py | Родительский каталог: Homework 9
INFO: 157.8 - Файл: task_1hw | Расширение: py | Родительский каталог: Homework 9
INFO: 158.1 - Файл: task9_2.cpython-311 | Расширение: pyc | Родительский каталог: __pycache__
INFO: 158.2 - Файл: task9_3.cpython-311 | Расширение: pyc | Родительский каталог: __pycache__
INFO: 158.3 - Файл: task9_4.cpython-311 | Расширение: pyc | Родительский каталог: __pycache__
INFO: 158.4 - Файл: task_1hw.cpython-311 | Расширение: pyc | Родительский каталог: __pycache__
INFO: 158.5 - Файл: task_2hw.cpython-311 | Расширение: pyc | Родительский каталог: __pycache__
INFO: 159.1 - Файл: Task_1 | Расширение: py | Родительский каталог: Homework1
INFO: 159.2 - Файл: Task_2 | Расширение: py | Родительский каталог: Homework1
INFO: 159.3 - Файл: Task_3 | Расширение: py | Родительский каталог: Homework1
INFO: 159.4 - Файл: Task_4 | Расширение: py | Родительский каталог: Homework1
INFO: 160.1 - Файл: Task_1 | Расширение: py | Родительский каталог: Homework2
INFO: 160.2 - Файл: Task_2 | Расширение: py | Родительский каталог: Homework2
INFO: 161.1 - Файл: Task_1 | Расширение: py | Родительский каталог: Homework3
INFO: 161.2 - Файл: Task_2 | Расширение: py | Родительский каталог: Homework3
INFO: 161.3 - Файл: Task_3 | Расширение: py | Родительский каталог: Homework3
INFO: 161.4 - Файл: Task_4 | Расширение: py | Родительский каталог: Homework3
INFO: 162.1 - Файл: Task_1 | Расширение: py | Родительский каталог: Homework4
INFO: 162.2 - Файл: Task_2 | Расширение: py | Родительский каталог: Homework4
INFO: 163.1 - Файл: Task_1 | Расширение: py | Родительский каталог: Homework5
INFO: 163.2 - Файл: Task_2 | Расширение: py | Родительский каталог: Homework5
INFO: 163.3 - Файл: Task_3 | Расширение: py | Родительский каталог: Homework5
INFO: 163.4 - Файл: Task_4 | Расширение: py | Родительский каталог: Homework5
INFO: 164.1 - Каталог: __pycache__ | Флаг каталога: True | Родительский каталог: Homework6
INFO: 164.2 - Файл: task_1 | Расширение: py | Родительский каталог: Homework6
INFO: 164.3 - Файл: task_2 | Расширение: py | Родительский каталог: Homework6
INFO: 164.4 - Файл: task_3 | Расширение: py | Родительский каталог: Homework6
INFO: 164.5 - Файл: task_4 | Расширение: py | Родительский каталог: Homework6
INFO: 165.1 - Файл: task_1.cpython-311 | Расширение: pyc | Родительский каталог: __pycache__
INFO: 165.2 - Файл: task_3.cpython-311 | Расширение: pyc | Родительский каталог: __pycache__
INFO: 166.1 - Каталог: __pycache__ | Флаг каталога: True | Родительский каталог: Homework_13
INFO: 166.2 - Файл: task_1hw | Расширение: py | Родительский каталог: Homework_13
INFO: 166.3 - Файл: task_2hw | Расширение: py | Родительский каталог: Homework_13
INFO: 166.4 - Файл: task_3hw | Расширение: py | Родительский каталог: Homework_13
INFO: 166.5 - Файл: task_4 | Расширение: py | Родительский каталог: Homework_13
INFO: 166.6 - Файл: task_4hw | Расширение: py | Родительский каталог: Homework_13
INFO: 167.1 - Файл: task_1hw.cpython-311 | Расширение: pyc | Родительский каталог: __pycache__
INFO: 170.1 - Файл: 6SZokDfPdNG | Расширение: png | Родительский каталог: Изображения
INFO: 170.2 - Файл: 6UKrdVIeG5eW2 | Расширение: png | Родительский каталог: Изображения
INFO: 170.3 - Файл: cApxaX | Расширение: png | Родительский каталог: Изображения
INFO: 170.4 - Файл: EHEywFgVOYSQrDnQFhLdaarj6 | Расширение: png | Родительский каталог: Изображения
INFO: 170.5 - Файл: g2ruYyt3bjxkwrU | Расширение: png | Родительский каталог: Изображения
INFO: 170.6 - Файл: iCf4cQB9H6rW | Расширение: png | Родительский каталог: Изображения
INFO: 170.7 - Файл: iiCd3gXkOgdtXikZHZ8Z | Расширение: png | Родительский каталог: Изображения
INFO: 170.8 - Файл: M9OVLVEKpDbXLwlP67GDaynFWnr | Расширение: png | Родительский каталог: Изображения
INFO: 170.9 - Файл: O7QJ8VliCcOD0JSn1VjzeN | Расширение: png | Родительский каталог: Изображения
INFO: 170.10 - Файл: QdPpErlgQtLbcnF | Расширение: png | Родительский каталог: Изображения
INFO: 170.11 - Файл: qitSCujKZ7 | Расширение: png | Родительский каталог: Изображения
INFO: 170.12 - Файл: t8cZ6hfP | Расширение: png | Родительский каталог: Изображения
INFO: 170.13 - Файл: V531QLrrxLmQSx | Расширение: png | Родительский каталог: Изображения
INFO: 171.1 - Файл: 9FgPk34dDRsgbSvVAoYm0etTnV | Расширение: pdf | Родительский каталог: Текст
INFO: 171.2 - Файл: gA7_fn_002 | Расширение: txt | Родительский каталог: Текст
INFO: 171.3 - Файл: hAm_fn_003 | Расширение: txt | Родительский каталог: Текст
INFO: 171.4 - Файл: NM1MfJ397V5eJEe | Расширение: pdf | Родительский каталог: Текст
INFO: 171.5 - Файл: RsZuI30yO3lehUE3cwCk | Расширение: pdf | Родительский каталог: Текст
INFO: 171.6 - Файл: vp4_fn_001 | Расширение: txt | Родительский каталог: Текст
INFO: 171.7 - Файл: zya_fn_000 | Расширение: txt | Родительский каталог: Текст
